<?xml version="1.0" encoding="UTF-8"?>
<!-- Generated by org.testng.reporters.JUnitReportReporter -->
<testsuite hostname="shivprasad-ThinkPad-T460" failures="0" tests="1" name="dev.TestCases.LoginPage" time="11.791" errors="0" timestamp="2023-07-09T22:24:25 IST" skipped="0">
  <testcase classname="dev.TestCases.LoginPage" name="VerfiyLoginPageTitleTest" time="11.791"/>
  <system-out/>
</testsuite> <!-- dev.TestCases.LoginPage -->
